ROC+BUF+SYR+ALB,MinMax,2,None,0.9484146,34.03125
              precision    recall  f1-score   support

           0       0.95      1.00      0.97     27339
           1       0.00      0.00      0.00      1487

    accuracy                           0.95     28826
   macro avg       0.47      0.50      0.49     28826
weighted avg       0.90      0.95      0.92     28826
ROC+BUF+SYR+ALB,MinMax,2,0,0.9468188,32.96875
              precision    recall  f1-score   support

           0       0.95      1.00      0.97     27293
           1       0.00      0.00      0.00      1533

    accuracy                           0.95     28826
   macro avg       0.47      0.50      0.49     28826
weighted avg       0.90      0.95      0.92     28826
ROC+BUF+SYR+ALB,MinMax,2,42,0.9462638,33.375
              precision    recall  f1-score   support

           0       0.95      1.00      0.97     27277
           1       0.00      0.00      0.00      1549

    accuracy                           0.95     28826
   macro avg       0.47      0.50      0.49     28826
weighted avg       0.90      0.95      0.92     28826
ROC+BUF+SYR+ALB,MinMax,3,None,0.9484493,33.625
              precision    recall  f1-score   support

           0       0.95      1.00      0.97     27340
           1       0.00      0.00      0.00      1486

    accuracy                           0.95     28826
   macro avg       0.47      0.50      0.49     28826
weighted avg       0.90      0.95      0.92     28826
ROC+BUF+SYR+ALB,MinMax,3,0,0.9468188,34.28125
              precision    recall  f1-score   support

           0       0.95      1.00      0.97     27293
           1       0.00      0.00      0.00      1533

    accuracy                           0.95     28826
   macro avg       0.47      0.50      0.49     28826
weighted avg       0.90      0.95      0.92     28826
ROC+BUF+SYR+ALB,MinMax,3,42,0.9462638,34.40625
              precision    recall  f1-score   support

           0       0.95      1.00      0.97     27277
           1       0.00      0.00      0.00      1549

    accuracy                           0.95     28826
   macro avg       0.47      0.50      0.49     28826
weighted avg       0.90      0.95      0.92     28826
ROC+BUF+SYR+ALB,MinMax,4,None,0.9473045,34.609375
              precision    recall  f1-score   support

           0       0.95      1.00      0.97     27307
           1       0.00      0.00      0.00      1519

    accuracy                           0.95     28826
   macro avg       0.47      0.50      0.49     28826
weighted avg       0.90      0.95      0.92     28826
ROC+BUF+SYR+ALB,MinMax,4,0,0.9468188,34.390625
              precision    recall  f1-score   support

           0       0.95      1.00      0.97     27293
           1       0.00      0.00      0.00      1533

    accuracy                           0.95     28826
   macro avg       0.47      0.50      0.49     28826
weighted avg       0.90      0.95      0.92     28826
ROC+BUF+SYR+ALB,MinMax,4,42,0.9462638,33.953125
              precision    recall  f1-score   support

           0       0.95      1.00      0.97     27277
           1       0.00      0.00      0.00      1549

    accuracy                           0.95     28826
   macro avg       0.47      0.50      0.49     28826
weighted avg       0.90      0.95      0.92     28826
ROC+BUF+SYR+ALB,MinMax,5,None,0.9472351,34.828125
              precision    recall  f1-score   support

           0       0.95      1.00      0.97     27305
           1       0.00      0.00      0.00      1521

    accuracy                           0.95     28826
   macro avg       0.47      0.50      0.49     28826
weighted avg       0.90      0.95      0.92     28826
ROC+BUF+SYR+ALB,MinMax,5,0,0.9468188,35.671875
              precision    recall  f1-score   support

           0       0.95      1.00      0.97     27293
           1       0.00      0.00      0.00      1533

    accuracy                           0.95     28826
   macro avg       0.47      0.50      0.49     28826
weighted avg       0.90      0.95      0.92     28826
ROC+BUF+SYR+ALB,MinMax,5,42,0.9462638,36.1875
              precision    recall  f1-score   support

           0       0.95      1.00      0.97     27277
           1       0.00      0.00      0.00      1549

    accuracy                           0.95     28826
   macro avg       0.47      0.50      0.49     28826
weighted avg       0.90      0.95      0.92     28826
ROC+BUF+SYR+ALB,None,2,None,0.9138278,33.796875
              precision    recall  f1-score   support

           0       0.95      0.96      0.95     27334
           1       0.01      0.01      0.01      1492

    accuracy                           0.91     28826
   macro avg       0.48      0.48      0.48     28826
weighted avg       0.90      0.91      0.91     28826
ROC+BUF+SYR+ALB,None,2,0,0.902137,33.578125
              precision    recall  f1-score   support

           0       0.95      0.95      0.95     27293
           1       0.06      0.06      0.06      1533

    accuracy                           0.90     28826
   macro avg       0.51      0.51      0.51     28826
weighted avg       0.90      0.90      0.90     28826
ROC+BUF+SYR+ALB,None,2,42,0.9146604,33.4375
              precision    recall  f1-score   support

           0       0.95      0.96      0.96     27277
           1       0.05      0.03      0.04      1549

    accuracy                           0.91     28826
   macro avg       0.50      0.50      0.50     28826
weighted avg       0.90      0.91      0.91     28826
ROC+BUF+SYR+ALB,None,3,None,0.9263512,33.6875
              precision    recall  f1-score   support

           0       0.95      0.97      0.96     27323
           1       0.17      0.11      0.13      1503

    accuracy                           0.93     28826
   macro avg       0.56      0.54      0.55     28826
weighted avg       0.91      0.93      0.92     28826
ROC+BUF+SYR+ALB,None,3,0,0.9133768,33.96875
              precision    recall  f1-score   support

           0       0.95      0.96      0.95     27293
           1       0.05      0.03      0.04      1533

    accuracy                           0.91     28826
   macro avg       0.50      0.50      0.50     28826
weighted avg       0.90      0.91      0.91     28826
ROC+BUF+SYR+ALB,None,3,42,0.9424825,34.421875
              precision    recall  f1-score   support

           0       0.95      0.99      0.97     27277
           1       0.28      0.05      0.08      1549

    accuracy                           0.94     28826
   macro avg       0.62      0.52      0.53     28826
weighted avg       0.91      0.94      0.92     28826
ROC+BUF+SYR+ALB,None,4,None,0.94640255,34.203125
              precision    recall  f1-score   support

           0       0.95      1.00      0.97     27347
           1       0.16      0.01      0.02      1479

    accuracy                           0.95     28826
   macro avg       0.56      0.50      0.50     28826
weighted avg       0.91      0.95      0.92     28826
ROC+BUF+SYR+ALB,None,4,0,0.94515365,33.765625
              precision    recall  f1-score   support

           0       0.95      1.00      0.97     27293
           1       0.33      0.03      0.05      1533

    accuracy                           0.95     28826
   macro avg       0.64      0.51      0.51     28826
weighted avg       0.92      0.95      0.92     28826
ROC+BUF+SYR+ALB,None,4,42,0.9436967,34.59375
              precision    recall  f1-score   support

           0       0.95      1.00      0.97     27277
           1       0.05      0.00      0.00      1549

    accuracy                           0.94     28826
   macro avg       0.50      0.50      0.49     28826
weighted avg       0.90      0.94      0.92     28826
ROC+BUF+SYR+ALB,None,5,None,0.9433151,35.890625
              precision    recall  f1-score   support

           0       0.95      1.00      0.97     27288
           1       0.12      0.01      0.02      1538

    accuracy                           0.94     28826
   macro avg       0.54      0.50      0.50     28826
weighted avg       0.90      0.94      0.92     28826
ROC+BUF+SYR+ALB,None,5,0,0.9339832,35.25
              precision    recall  f1-score   support

           0       0.95      0.99      0.97     27293
           1       0.08      0.02      0.04      1533

    accuracy                           0.93     28826
   macro avg       0.52      0.50      0.50     28826
weighted avg       0.90      0.93      0.92     28826
ROC+BUF+SYR+ALB,None,5,42,0.9421009,35.515625
              precision    recall  f1-score   support

           0       0.95      0.99      0.97     27277
           1       0.11      0.01      0.02      1549

    accuracy                           0.94     28826
   macro avg       0.53      0.50      0.50     28826
weighted avg       0.90      0.94      0.92     28826
ROC+BUF+SYR+ALB,ZScore,2,None,0.9213557,33.453125
              precision    recall  f1-score   support

           0       0.95      0.97      0.96     27329
           1       0.12      0.09      0.10      1497

    accuracy                           0.92     28826
   macro avg       0.54      0.53      0.53     28826
weighted avg       0.91      0.92      0.91     28826
ROC+BUF+SYR+ALB,ZScore,2,0,0.9466454,32.46875
              precision    recall  f1-score   support

           0       0.95      1.00      0.97     27293
           1       0.43      0.01      0.02      1533

    accuracy                           0.95     28826
   macro avg       0.69      0.50      0.50     28826
weighted avg       0.92      0.95      0.92     28826
ROC+BUF+SYR+ALB,ZScore,2,42,0.93412197,33.34375
              precision    recall  f1-score   support

           0       0.95      0.99      0.97     27277
           1       0.03      0.01      0.01      1549

    accuracy                           0.93     28826
   macro avg       0.49      0.50      0.49     28826
weighted avg       0.90      0.93      0.91     28826
ROC+BUF+SYR+ALB,ZScore,3,None,0.9459169,33.90625
              precision    recall  f1-score   support

           0       0.95      1.00      0.97     27267
           1       0.00      0.00      0.00      1559

    accuracy                           0.95     28826
   macro avg       0.47      0.50      0.49     28826
weighted avg       0.89      0.95      0.92     28826
ROC+BUF+SYR+ALB,ZScore,3,0,0.9468188,33.859375
              precision    recall  f1-score   support

           0       0.95      1.00      0.97     27293
           1       0.00      0.00      0.00      1533

    accuracy                           0.95     28826
   macro avg       0.47      0.50      0.49     28826
weighted avg       0.90      0.95      0.92     28826
ROC+BUF+SYR+ALB,ZScore,3,42,0.9459516,34.4375
              precision    recall  f1-score   support

           0       0.95      1.00      0.97     27277
           1       0.15      0.00      0.00      1549

    accuracy                           0.95     28826
   macro avg       0.55      0.50      0.49     28826
weighted avg       0.90      0.95      0.92     28826
ROC+BUF+SYR+ALB,ZScore,4,None,0.9481371,37.5625
              precision    recall  f1-score   support

           0       0.95      1.00      0.97     27315
           1       0.55      0.06      0.11      1511

    accuracy                           0.95     28826
   macro avg       0.75      0.53      0.54     28826
weighted avg       0.93      0.95      0.93     28826
ROC+BUF+SYR+ALB,ZScore,4,0,0.9468188,36.96875
              precision    recall  f1-score   support

           0       0.95      1.00      0.97     27293
           1       0.00      0.00      0.00      1533

    accuracy                           0.95     28826
   macro avg       0.47      0.50      0.49     28826
weighted avg       0.90      0.95      0.92     28826
ROC+BUF+SYR+ALB,ZScore,4,42,0.941303,37.21875
              precision    recall  f1-score   support

           0       0.95      0.99      0.97     27277
           1       0.04      0.00      0.01      1549

    accuracy                           0.94     28826
   macro avg       0.50      0.50      0.49     28826
weighted avg       0.90      0.94      0.92     28826
ROC+BUF+SYR+ALB,ZScore,5,None,0.9487615,37.046875
              precision    recall  f1-score   support

           0       0.95      1.00      0.97     27349
           1       0.00      0.00      0.00      1477

    accuracy                           0.95     28826
   macro avg       0.47      0.50      0.49     28826
weighted avg       0.90      0.95      0.92     28826
ROC+BUF+SYR+ALB,ZScore,5,0,0.9468188,36.40625
              precision    recall  f1-score   support

           0       0.95      1.00      0.97     27293
           1       0.00      0.00      0.00      1533

    accuracy                           0.95     28826
   macro avg       0.47      0.50      0.49     28826
weighted avg       0.90      0.95      0.92     28826
ROC+BUF+SYR+ALB,ZScore,5,42,0.9462638,35.625
              precision    recall  f1-score   support

           0       0.95      1.00      0.97     27277
           1       0.00      0.00      0.00      1549

    accuracy                           0.95     28826
   macro avg       0.47      0.50      0.49     28826
weighted avg       0.90      0.95      0.92     28826
ROC,MinMax,2,None,0.9450149,19.390625
              precision    recall  f1-score   support

           0       0.95      1.00      0.97     27274
           1       0.05      0.00      0.00      1552

    accuracy                           0.95     28826
   macro avg       0.50      0.50      0.49     28826
weighted avg       0.90      0.95      0.92     28826
ROC,MinMax,2,0,0.9468188,19.265625
              precision    recall  f1-score   support

           0       0.95      1.00      0.97     27293
           1       0.00      0.00      0.00      1533

    accuracy                           0.95     28826
   macro avg       0.47      0.50      0.49     28826
weighted avg       0.90      0.95      0.92     28826
ROC,MinMax,2,42,0.0537709,18.78125
              precision    recall  f1-score   support

           0       1.00      0.00      0.00     27277
           1       0.05      1.00      0.10      1549

    accuracy                           0.05     28826
   macro avg       0.53      0.50      0.05     28826
weighted avg       0.95      0.05      0.01     28826
ROC,MinMax,3,None,0.94674945,20.4375
              precision    recall  f1-score   support

           0       0.95      1.00      0.97     27291
           1       0.00      0.00      0.00      1535

    accuracy                           0.95     28826
   macro avg       0.47      0.50      0.49     28826
weighted avg       0.90      0.95      0.92     28826
ROC,MinMax,3,0,0.9468188,19.953125
              precision    recall  f1-score   support

           0       0.95      1.00      0.97     27293
           1       0.00      0.00      0.00      1533

    accuracy                           0.95     28826
   macro avg       0.47      0.50      0.49     28826
weighted avg       0.90      0.95      0.92     28826
ROC,MinMax,3,42,0.9462638,20.78125
              precision    recall  f1-score   support

           0       0.95      1.00      0.97     27277
           1       0.00      0.00      0.00      1549

    accuracy                           0.95     28826
   macro avg       0.47      0.50      0.49     28826
weighted avg       0.90      0.95      0.92     28826
ROC,MinMax,4,None,0.948484,21.421875
              precision    recall  f1-score   support

           0       0.95      1.00      0.97     27341
           1       0.00      0.00      0.00      1485

    accuracy                           0.95     28826
   macro avg       0.47      0.50      0.49     28826
weighted avg       0.90      0.95      0.92     28826
ROC,MinMax,4,0,0.9468188,21.328125
              precision    recall  f1-score   support

           0       0.95      1.00      0.97     27293
           1       0.00      0.00      0.00      1533

    accuracy                           0.95     28826
   macro avg       0.47      0.50      0.49     28826
weighted avg       0.90      0.95      0.92     28826
ROC,MinMax,4,42,0.93256086,20.78125
              precision    recall  f1-score   support

           0       0.95      0.99      0.97     27277
           1       0.01      0.00      0.00      1549

    accuracy                           0.93     28826
   macro avg       0.48      0.49      0.48     28826
weighted avg       0.90      0.93      0.91     28826
ROC,MinMax,5,None,0.94796365,21.421875
              precision    recall  f1-score   support

           0       0.95      1.00      0.97     27326
           1       0.00      0.00      0.00      1500

    accuracy                           0.95     28826
   macro avg       0.47      0.50      0.49     28826
weighted avg       0.90      0.95      0.92     28826
ROC,MinMax,5,0,0.9468188,21.6875
              precision    recall  f1-score   support

           0       0.95      1.00      0.97     27293
           1       0.00      0.00      0.00      1533

    accuracy                           0.95     28826
   macro avg       0.47      0.50      0.49     28826
weighted avg       0.90      0.95      0.92     28826
ROC,MinMax,5,42,0.9462638,23.265625
              precision    recall  f1-score   support

           0       0.95      1.00      0.97     27277
           1       0.00      0.00      0.00      1549

    accuracy                           0.95     28826
   macro avg       0.47      0.50      0.49     28826
weighted avg       0.90      0.95      0.92     28826
ROC,None,2,None,0.8984944,20.859375
              precision    recall  f1-score   support

           0       0.95      0.94      0.95     27312
           1       0.06      0.06      0.06      1514

    accuracy                           0.90     28826
   macro avg       0.50      0.50      0.50     28826
weighted avg       0.90      0.90      0.90     28826
ROC,None,2,0,0.9461597,19.75
              precision    recall  f1-score   support

           0       0.95      1.00      0.97     27293
           1       0.12      0.00      0.00      1533

    accuracy                           0.95     28826
   macro avg       0.53      0.50      0.49     28826
weighted avg       0.90      0.95      0.92     28826
ROC,None,2,42,0.9330119,20.390625
              precision    recall  f1-score   support

           0       0.95      0.99      0.97     27277
           1       0.04      0.01      0.02      1549

    accuracy                           0.93     28826
   macro avg       0.49      0.50      0.49     28826
weighted avg       0.90      0.93      0.91     28826
ROC,None,3,None,0.9085895,21.890625
              precision    recall  f1-score   support

           0       0.95      0.95      0.95     27374
           1       0.12      0.13      0.12      1452

    accuracy                           0.91     28826
   macro avg       0.54      0.54      0.54     28826
weighted avg       0.91      0.91      0.91     28826
ROC,None,3,0,0.9356137,21.90625
              precision    recall  f1-score   support

           0       0.95      0.99      0.97     27293
           1       0.01      0.00      0.00      1533

    accuracy                           0.94     28826
   macro avg       0.48      0.50      0.49     28826
weighted avg       0.90      0.94      0.92     28826
ROC,None,3,42,0.94612503,21.796875
              precision    recall  f1-score   support

           0       0.95      1.00      0.97     27277
           1       0.00      0.00      0.00      1549

    accuracy                           0.95     28826
   macro avg       0.47      0.50      0.49     28826
weighted avg       0.90      0.95      0.92     28826
ROC,None,4,None,0.93960315,20.96875
              precision    recall  f1-score   support

           0       0.95      0.99      0.97     27358
           1       0.07      0.01      0.02      1468

    accuracy                           0.94     28826
   macro avg       0.51      0.50      0.50     28826
weighted avg       0.90      0.94      0.92     28826
ROC,None,4,0,0.9443558,21.0
              precision    recall  f1-score   support

           0       0.95      1.00      0.97     27293
           1       0.07      0.00      0.01      1533

    accuracy                           0.94     28826
   macro avg       0.51      0.50      0.49     28826
weighted avg       0.90      0.94      0.92     28826
ROC,None,4,42,0.9449455,20.765625
              precision    recall  f1-score   support

           0       0.95      1.00      0.97     27277
           1       0.03      0.00      0.00      1549

    accuracy                           0.94     28826
   macro avg       0.49      0.50      0.49     28826
weighted avg       0.90      0.94      0.92     28826
ROC,None,5,None,0.05331992,22.140625
              precision    recall  f1-score   support

           0       1.00      0.00      0.00     27302
           1       0.05      1.00      0.10      1524

    accuracy                           0.05     28826
   macro avg       0.53      0.50      0.05     28826
weighted avg       0.95      0.05      0.01     28826
ROC,None,5,0,0.9468188,21.625
              precision    recall  f1-score   support

           0       0.95      1.00      0.97     27293
           1       0.00      0.00      0.00      1533

    accuracy                           0.95     28826
   macro avg       0.47      0.50      0.49     28826
weighted avg       0.90      0.95      0.92     28826
ROC,None,5,42,0.9461944,21.921875
              precision    recall  f1-score   support

           0       0.95      1.00      0.97     27277
           1       0.00      0.00      0.00      1549

    accuracy                           0.95     28826
   macro avg       0.47      0.50      0.49     28826
weighted avg       0.90      0.95      0.92     28826
ROC,ZScore,2,None,0.36439326,19.5
              precision    recall  f1-score   support

           0       0.97      0.34      0.50     27353
           1       0.06      0.81      0.12      1473

    accuracy                           0.36     28826
   macro avg       0.52      0.57      0.31     28826
weighted avg       0.92      0.36      0.48     28826
ROC,ZScore,2,0,0.38045514,19.703125
              precision    recall  f1-score   support

           0       0.94      0.37      0.53     27293
           1       0.05      0.59      0.09      1533

    accuracy                           0.38     28826
   macro avg       0.50      0.48      0.31     28826
weighted avg       0.89      0.38      0.51     28826
ROC,ZScore,2,42,0.94539654,19.40625
              precision    recall  f1-score   support

           0       0.95      1.00      0.97     27277
           1       0.00      0.00      0.00      1549

    accuracy                           0.95     28826
   macro avg       0.47      0.50      0.49     28826
weighted avg       0.90      0.95      0.92     28826
ROC,ZScore,3,None,0.91937834,19.953125
              precision    recall  f1-score   support

           0       0.95      0.97      0.96     27324
           1       0.02      0.01      0.02      1502

    accuracy                           0.92     28826
   macro avg       0.48      0.49      0.49     28826
weighted avg       0.90      0.92      0.91     28826
ROC,ZScore,3,0,0.86335254,20.6875
              precision    recall  f1-score   support

           0       0.94      0.91      0.93     27293
           1       0.03      0.05      0.04      1533

    accuracy                           0.86     28826
   macro avg       0.49      0.48      0.48     28826
weighted avg       0.90      0.86      0.88     28826
ROC,ZScore,3,42,0.42232707,19.96875
              precision    recall  f1-score   support

           0       0.90      0.44      0.59     27277
           1       0.02      0.16      0.03      1549

    accuracy                           0.42     28826
   macro avg       0.46      0.30      0.31     28826
weighted avg       0.85      0.42      0.56     28826
ROC,ZScore,4,None,0.83462846,20.578125
              precision    recall  f1-score   support

           0       0.96      0.86      0.91     27379
           1       0.12      0.36      0.18      1447

    accuracy                           0.83     28826
   macro avg       0.54      0.61      0.54     28826
weighted avg       0.92      0.83      0.87     28826
ROC,ZScore,4,0,0.89266634,21.21875
              precision    recall  f1-score   support

           0       0.95      0.94      0.94     27293
           1       0.08      0.10      0.09      1533

    accuracy                           0.89     28826
   macro avg       0.51      0.52      0.51     28826
weighted avg       0.90      0.89      0.90     28826
ROC,ZScore,4,42,0.94477206,20.828125
              precision    recall  f1-score   support

           0       0.95      1.00      0.97     27277
           1       0.11      0.00      0.01      1549

    accuracy                           0.94     28826
   macro avg       0.53      0.50      0.49     28826
weighted avg       0.90      0.94      0.92     28826
ROC,ZScore,5,None,0.94799834,22.5
              precision    recall  f1-score   support

           0       0.95      1.00      0.97     27327
           1       0.00      0.00      0.00      1499

    accuracy                           0.95     28826
   macro avg       0.47      0.50      0.49     28826
weighted avg       0.90      0.95      0.92     28826
ROC,ZScore,5,0,0.9162908,21.484375
              precision    recall  f1-score   support

           0       0.95      0.97      0.96     27293
           1       0.03      0.02      0.03      1533

    accuracy                           0.92     28826
   macro avg       0.49      0.49      0.49     28826
weighted avg       0.90      0.92      0.91     28826
ROC,ZScore,5,42,0.8307084,21.625
              precision    recall  f1-score   support

           0       0.95      0.86      0.91     27277
           1       0.10      0.28      0.15      1549

    accuracy                           0.83     28826
   macro avg       0.53      0.57      0.53     28826
weighted avg       0.91      0.83      0.87     28826
